<?xml version="1.0" encoding="UTF-8"?>
<!-- Generated by org.testng.reporters.JUnitXMLReporter -->
<testsuite hostname="A2ML27178" ignored="0" name="Default test" tests="2" failures="0" timestamp="13 Dec 2020 06:30:51 GMT" time="226.351" errors="0">
  <testcase name="composeMainAndSend" time="33.176" classname="com.incubyte.gmailAutomation.YahooAutomationRunner"/>
  <testcase name="discardMail" time="11.348" classname="com.incubyte.gmailAutomation.YahooAutomationRunner"/>
</testsuite> <!-- Default test -->
